#
# A fatal error has been detected by the Java Runtime Environment:
#
#  EXCEPTION_ACCESS_VIOLATION (0xc0000005) at pc=0x000000007a9ec750, pid=1876, tid=2832
#
# JRE version: 6.0_17-b04
# Java VM: Java HotSpot(TM) 64-Bit Server VM (14.3-b01 mixed mode windows-amd64 )
# Problematic frame:
# C  0x000000007a9ec750
#
# If you would like to submit a bug report, please visit:
#   http://java.sun.com/webapps/bugreport/crash.jsp
# The crash happened outside the Java Virtual Machine in native code.
# See problematic frame for where to report the bug.
#

---------------  T H R E A D  ---------------

Current thread (0x0000000032fd3000):  JavaThread "AWT-EventQueue-0" [_thread_in_native, id=2832, stack(0x000000003a320000,0x000000003a3a0000)]

siginfo: ExceptionCode=0xc0000005, reading address 0x0000000000000008

Registers:
EAX=0x000000000000000d, EBX=0x0000000032fd31b8, ECX=0x0000000000000000, EDX=0x00000000160112db
ESP=0x000000003a39e438, EBP=0x0000000039a7b630, ESI=0x0000000032fd31b8, EDI=0x00000000395e22b0
EIP=0x000000007a9ec750, EFLAGS=0x0000000000010206

Top of Stack: (sp=0x000000003a39e438)
0x000000003a39e438:   000000007a99589c 0000000000000000
0x000000003a39e448:   0000000032fd31b8 0000000039a7b630
0x000000003a39e458:   0000000032fd31b8 0000000000000000
0x000000003a39e468:   0000000032fd31b8 000000003a39e730
0x000000003a39e478:   000000007a973810 0000000032fd31b8
0x000000003a39e488:   000000003a39eb50 000000003a39ebc8
0x000000003a39e498:   0000000039a7b630 0000000000000003
0x000000003a39e4a8:   000000007a992151 0000000032fd3000
0x000000003a39e4b8:   000000003a39ebc0 0000000000000000
0x000000003a39e4c8:   000000003a39ebc8 0000000038ad13e8
0x000000003a39e4d8:   000000003a39ec60 000000003a39e550
0x000000003a39e4e8:   000000006db5eb83 0000000026839b50
0x000000003a39e4f8:   0000000026839b30 0000000032fd3058
0x000000003a39e508:   0000000000000000 000000003a39e510
0x000000003a39e518:   000000006d8d0966 0000000001b67680
0x000000003a39e528:   0000000000000006 0000000032fd3058 

Instructions: (pc=0x000000007a9ec750)
0x000000007a9ec740:   48 8b 41 08 48 8b 80 18 0c 00 00 c3 cc cc cc cc
0x000000007a9ec750:   48 8b 49 08 48 85 c9 74 05 e9 72 f6 fd ff 33 c0 


Stack: [0x000000003a320000,0x000000003a3a0000],  sp=0x000000003a39e438,  free space=505k
Native frames: (J=compiled Java code, j=interpreted, Vv=VM code, C=native code)
C  0x000000007a9ec750

Java frames: (J=compiled Java code, j=interpreted, Vv=VM code)
j  sun.java2d.windows.GDIBlitLoops.nativeBlit(Lsun/java2d/SurfaceData;Lsun/java2d/SurfaceData;Lsun/java2d/pipe/Region;IIIIIIIIIZ)V+0
j  sun.java2d.windows.GDIBlitLoops.Blit(Lsun/java2d/SurfaceData;Lsun/java2d/SurfaceData;Ljava/awt/Composite;Lsun/java2d/pipe/Region;IIIIII)V+33
j  sun.java2d.pipe.DrawImage.blitSurfaceData(Lsun/java2d/SunGraphics2D;Lsun/java2d/pipe/Region;Lsun/java2d/SurfaceData;Lsun/java2d/SurfaceData;Lsun/java2d/loops/SurfaceType;Lsun/java2d/loops/SurfaceType;IIIIIILjava/awt/Color;)V+97
j  sun.java2d.pipe.DrawImage.renderImageCopy(Lsun/java2d/SunGraphics2D;Ljava/awt/Image;Ljava/awt/Color;IIIIII)Z+75
j  sun.java2d.pipe.DrawImage.copyImage(Lsun/java2d/SunGraphics2D;Ljava/awt/Image;IILjava/awt/Color;)Z+45
j  sun.java2d.pipe.DrawImage.copyImage(Lsun/java2d/SunGraphics2D;Ljava/awt/Image;IILjava/awt/Color;Ljava/awt/image/ImageObserver;)Z+15
J  sun.java2d.SunGraphics2D.drawImage(Ljava/awt/Image;IILjava/awt/Color;Ljava/awt/image/ImageObserver;)Z
J  javax.swing.RepaintManager$PaintManager.paintDoubleBuffered(Ljavax/swing/JComponent;Ljava/awt/Image;Ljava/awt/Graphics;IIII)V
J  javax.swing.RepaintManager$PaintManager.paint(Ljavax/swing/JComponent;Ljavax/swing/JComponent;Ljava/awt/Graphics;IIII)Z
j  javax.swing.BufferStrategyPaintManager.paint(Ljavax/swing/JComponent;Ljavax/swing/JComponent;Ljava/awt/Graphics;IIII)Z+224
j  javax.swing.RepaintManager.paint(Ljavax/swing/JComponent;Ljavax/swing/JComponent;Ljava/awt/Graphics;IIII)V+52
J  javax.swing.JComponent._paintImmediately(IIII)V
J  javax.swing.RepaintManager.paintDirtyRegions(Ljava/util/Map;)V
j  javax.swing.RepaintManager.paintDirtyRegions()V+46
j  javax.swing.RepaintManager.seqPaintDirtyRegions()V+73
j  javax.swing.SystemEventQueueUtilities$ComponentWorkRequest.run()V+36
J  java.awt.EventDispatchThread.pumpOneEventForFilters(I)Z
J  java.awt.EventDispatchThread.pumpEventsForFilter(ILjava/awt/Conditional;Ljava/awt/EventFilter;)V
j  java.awt.EventDispatchThread.pumpEventsForHierarchy(ILjava/awt/Conditional;Ljava/awt/Component;)V+11
j  java.awt.EventDispatchThread.pumpEvents(ILjava/awt/Conditional;)V+4
j  java.awt.EventDispatchThread.pumpEvents(Ljava/awt/Conditional;)V+3
j  java.awt.EventDispatchThread.run()V+9
v  ~StubRoutines::call_stub

---------------  P R O C E S S  ---------------

Java Threads: ( => current thread )
  0x00000000489c7000 JavaThread "Code Analyzer updating thread" [_thread_blocked, id=5388, stack(0x0000000006d60000,0x0000000006de0000)]
  0x0000000032fd7800 JavaThread "Foxtrot Multi Worker Thread Runner #2" daemon [_thread_blocked, id=6464, stack(0x000000000e8c0000,0x000000000e940000)]
  0x00000000489c6800 JavaThread "Timer-2051" [_thread_blocked, id=3544, stack(0x0000000007d00000,0x0000000007d80000)]
  0x00000000489ca800 JavaThread "Foxtrot Single Worker Thread #1" daemon [_thread_blocked, id=5380, stack(0x0000000007990000,0x0000000007a10000)]
  0x00000000489ca000 JavaThread "Code Analyzer updating thread" [_thread_blocked, id=5600, stack(0x0000000007890000,0x0000000007910000)]
  0x00000000489c7800 JavaThread "pool-2-thread-1" [_thread_blocked, id=1968, stack(0x0000000007710000,0x0000000007790000)]
  0x00000000489c5000 JavaThread "Code Analyzer updating thread" [_thread_blocked, id=6308, stack(0x0000000006e50000,0x0000000006ed0000)]
  0x0000000032fdc000 JavaThread "Code Analyzer updating thread" [_thread_blocked, id=6596, stack(0x0000000006fa0000,0x0000000007020000)]
  0x0000000032fd1000 JavaThread "Code Analyzer updating thread" [_thread_blocked, id=6204, stack(0x0000000006cc0000,0x0000000006d40000)]
  0x0000000032fdb000 JavaThread "Active Reference Queue Daemon" daemon [_thread_blocked, id=6500, stack(0x0000000006c40000,0x0000000006cc0000)]
  0x0000000032fd9800 JavaThread "Timer-89" daemon [_thread_blocked, id=1840, stack(0x0000000006bc0000,0x0000000006c40000)]
  0x0000000032fd9000 JavaThread "Timer-5" daemon [_thread_blocked, id=7148, stack(0x000000003aee0000,0x000000003af60000)]
  0x0000000032fda800 JavaThread "RequestQueue for GenericFileList" [_thread_blocked, id=6044, stack(0x000000003ade0000,0x000000003ae60000)]
  0x0000000032fd8000 JavaThread "Prefs Updater" daemon [_thread_blocked, id=6012, stack(0x000000003ad60000,0x000000003ade0000)]
  0x0000000032fd4800 JavaThread "Timer-1" [_thread_blocked, id=2004, stack(0x000000003ac60000,0x000000003ace0000)]
  0x0000000032fd6800 JavaThread "FelixPackageAdmin" daemon [_thread_blocked, id=5960, stack(0x000000003a5b0000,0x000000003a630000)]
  0x0000000032fd6000 JavaThread "FelixStartLevel" daemon [_thread_blocked, id=3744, stack(0x000000003a530000,0x000000003a5b0000)]
  0x0000000032fd5800 JavaThread "FelixDispatchQueue" daemon [_thread_blocked, id=4476, stack(0x000000003a4b0000,0x000000003a530000)]
  0x0000000032fd4000 JavaThread "TimerQueue" daemon [_thread_blocked, id=5632, stack(0x000000003a3b0000,0x000000003a430000)]
=>0x0000000032fd3000 JavaThread "AWT-EventQueue-0" [_thread_in_native, id=2832, stack(0x000000003a320000,0x000000003a3a0000)]
  0x0000000032fd2800 JavaThread "AWT-Shutdown" [_thread_blocked, id=4404, stack(0x00000000392d0000,0x0000000039350000)]
  0x0000000032fd1800 JavaThread "AWT-Windows" daemon [_thread_in_native, id=4880, stack(0x0000000038d10000,0x0000000038d90000)]
  0x0000000032fd0000 JavaThread "Java2D Disposer" daemon [_thread_blocked, id=6796, stack(0x0000000038c10000,0x0000000038c90000)]
  0x0000000032fcf000 JavaThread "Timer-0" [_thread_blocked, id=6408, stack(0x0000000032c80000,0x0000000032d00000)]
  0x0000000032fce000 JavaThread "JMI Unnamed Thread" [_thread_in_native, id=4812, stack(0x000000000e940000,0x000000000fd40000)]
  0x0000000032fcd800 JavaThread "Low Memory Detector" daemon [_thread_blocked, id=6160, stack(0x000000000ff30000,0x000000000ffb0000)]
  0x0000000032fe2800 JavaThread "CompilerThread1" daemon [_thread_blocked, id=3960, stack(0x0000000035810000,0x0000000036c10000)]
  0x0000000032fdc800 JavaThread "CompilerThread0" daemon [_thread_blocked, id=6472, stack(0x0000000034410000,0x0000000035810000)]
  0x0000000032fcc800 JavaThread "Attach Listener" daemon [_thread_blocked, id=6076, stack(0x0000000008440000,0x00000000084c0000)]
  0x0000000032f73800 JavaThread "Finalizer" daemon [_thread_blocked, id=6704, stack(0x0000000008330000,0x00000000083b0000)]
  0x0000000032f69800 JavaThread "Reference Handler" daemon [_thread_blocked, id=2488, stack(0x0000000008180000,0x0000000008200000)]
  0x0000000001b62000 JavaThread "main" [_thread_in_native, id=5516, stack(0x0000000000030000,0x0000000001430000)]

Other Threads:
  0x0000000032f64800 VMThread [stack: 0x0000000033010000,0x0000000034410000] [id=5288]
  0x0000000032ffe000 WatcherThread [stack: 0x0000000036c10000,0x0000000038010000] [id=5968]

VM state:not at safepoint (normal execution)

VM Mutex/Monitor currently owned by a thread: None

Heap
 PSYoungGen      total 16192K, used 13632K [0x0000000025b80000, 0x0000000026b80000, 0x0000000028c80000)
  eden space 16000K, 84% used [0x0000000025b80000,0x00000000268b0238,0x0000000026b20000)
  from space 192K, 66% used [0x0000000026b50000,0x0000000026b70000,0x0000000026b80000)
  to   space 192K, 0% used [0x0000000026b20000,0x0000000026b20000,0x0000000026b50000)
 PSOldGen        total 150528K, used 136900K [0x000000001c880000, 0x0000000025b80000, 0x0000000025b80000)
  object space 150528K, 90% used [0x000000001c880000,0x0000000024e312a0,0x0000000025b80000)
 PSPermGen       total 91776K, used 62498K [0x0000000014880000, 0x000000001a220000, 0x000000001c880000)
  object space 91776K, 68% used [0x0000000014880000,0x0000000018588930,0x000000001a220000)

Dynamic libraries:
0x0000000140000000 - 0x0000000140029000 	C:\Program Files\MATLAB\R2010b\bin\win64\MATLAB.exe
0x0000000077920000 - 0x0000000077ac9000 	C:\Windows\SYSTEM32\ntdll.dll
0x0000000077800000 - 0x000000007791f000 	C:\Windows\system32\kernel32.dll
0x000007fefd920000 - 0x000007fefd98b000 	C:\Windows\system32\KERNELBASE.dll
0x000000007d080000 - 0x000000007d18e000 	C:\Program Files\MATLAB\R2010b\bin\win64\libut.dll
0x0000000180000000 - 0x000000018007c000 	C:\Program Files\MATLAB\R2010b\bin\win64\libmwi18n.dll
0x00000000014e0000 - 0x00000000014f0000 	C:\Program Files\MATLAB\R2010b\bin\win64\boost_date_time-vc80-mt-1_40.dll
0x0000000073410000 - 0x0000000073519000 	C:\Windows\WinSxS\amd64_microsoft.vc80.crt_1fc8b3b9a1e18e3b_8.0.50727.6195_none_88e41e092fab0294\MSVCP80.dll
0x0000000075260000 - 0x0000000075329000 	C:\Windows\WinSxS\amd64_microsoft.vc80.crt_1fc8b3b9a1e18e3b_8.0.50727.6195_none_88e41e092fab0294\MSVCR80.dll
0x000007fefdf60000 - 0x000007fefdfff000 	C:\Windows\system32\msvcrt.dll
0x0000000001500000 - 0x000000000151b000 	C:\Program Files\MATLAB\R2010b\bin\win64\boost_filesystem-vc80-mt-1_40.dll
0x0000000001530000 - 0x0000000001539000 	C:\Program Files\MATLAB\R2010b\bin\win64\boost_system-vc80-mt-1_40.dll
0x0000000001550000 - 0x0000000001563000 	C:\Program Files\MATLAB\R2010b\bin\win64\boost_thread-vc80-mt-1_40.dll
0x000000007d880000 - 0x000000007d8a8000 	C:\Program Files\MATLAB\R2010b\bin\win64\LIBEXPAT.dll
0x000000007cce0000 - 0x000000007ce59000 	C:\Program Files\MATLAB\R2010b\bin\win64\icuin42.dll
0x000000007d590000 - 0x000000007d6ca000 	C:\Program Files\MATLAB\R2010b\bin\win64\icuuc42.dll
0x000007feffa20000 - 0x000007feffafb000 	C:\Windows\system32\ADVAPI32.dll
0x000007fefef40000 - 0x000007fefef5f000 	C:\Windows\SYSTEM32\sechost.dll
0x000007feff410000 - 0x000007feff53d000 	C:\Windows\system32\RPCRT4.dll
0x0000000010000000 - 0x0000000010f47000 	C:\Program Files\MATLAB\R2010b\bin\win64\icudt42.dll
0x0000000078a10000 - 0x0000000078b49000 	C:\Program Files\MATLAB\R2010b\bin\win64\libmwfl.dll
0x000007feffa00000 - 0x000007feffa19000 	C:\Windows\system32\imagehlp.dll
0x0000000077ae0000 - 0x0000000077ae7000 	C:\Windows\system32\PSAPI.DLL
0x0000000001740000 - 0x0000000001826000 	C:\Program Files\MATLAB\R2010b\bin\win64\boost_regex-vc80-mt-1_40.dll
0x0000000077700000 - 0x00000000777fa000 	C:\Windows\system32\USER32.dll
0x000007feff820000 - 0x000007feff887000 	C:\Windows\system32\GDI32.dll
0x000007fefdce0000 - 0x000007fefdcee000 	C:\Windows\system32\LPK.dll
0x000007fefefe0000 - 0x000007feff0a9000 	C:\Windows\system32\USP10.dll
0x00000000015d0000 - 0x00000000015e4000 	C:\Program Files\MATLAB\R2010b\bin\win64\boost_signals-vc80-mt-1_40.dll
0x0000000001600000 - 0x000000000163e000 	C:\Program Files\MATLAB\R2010b\bin\win64\tbb.dll
0x000000007cab0000 - 0x000000007cac0000 	C:\Program Files\MATLAB\R2010b\bin\win64\icuio42.dll
0x000000007d200000 - 0x000000007d460000 	C:\Program Files\MATLAB\R2010b\bin\win64\libmwservices.dll
0x000000007d190000 - 0x000000007d1fd000 	C:\Program Files\MATLAB\R2010b\bin\win64\libmx.dll
0x00000000791e0000 - 0x00000000791f7000 	C:\Program Files\MATLAB\R2010b\bin\win64\zlib1.dll
0x000000007d460000 - 0x000000007d58e000 	C:\Program Files\MATLAB\R2010b\bin\win64\libmwmathutil.dll
0x000000007acf0000 - 0x000000007ad51000 	C:\Program Files\MATLAB\R2010b\bin\win64\mpath.dll
0x000000007d8b0000 - 0x000000007db80000 	C:\Program Files\MATLAB\R2010b\bin\win64\mlutil.dll
0x000000007eb00000 - 0x000000007eb8b000 	C:\Program Files\MATLAB\R2010b\bin\win64\xmlcore.dll
0x000000007a670000 - 0x000000007a905000 	C:\Program Files\MATLAB\R2010b\bin\win64\xerces-c_2_7.dll
0x000007feff890000 - 0x000007feff8dd000 	C:\Windows\system32\WS2_32.dll
0x000007feff9f0000 - 0x000007feff9f8000 	C:\Windows\system32\NSI.dll
0x000007fefe000000 - 0x000007fefed88000 	C:\Windows\system32\SHELL32.dll
0x000007feff540000 - 0x000007feff5b1000 	C:\Windows\system32\SHLWAPI.dll
0x000007fef77b0000 - 0x000007fef7850000 	C:\Windows\WinSxS\amd64_microsoft.windows.common-controls_6595b64144ccf1df_5.82.7601.17514_none_a4d6a923711520a9\COMCTL32.dll
0x000007feff0b0000 - 0x000007feff147000 	C:\Windows\system32\comdlg32.dll
0x000007fefb960000 - 0x000007fefb976000 	C:\Windows\system32\NETAPI32.dll
0x000007fefcce0000 - 0x000007fefccec000 	C:\Windows\system32\netutils.dll
0x000007fefd310000 - 0x000007fefd333000 	C:\Windows\system32\srvcli.dll
0x000007fefb940000 - 0x000007fefb955000 	C:\Windows\system32\wkscli.dll
0x000000007b0c0000 - 0x000000007b17a000 	C:\Program Files\MATLAB\R2010b\bin\win64\mcr.dll
0x000000007cac0000 - 0x000000007cb74000 	C:\Program Files\MATLAB\R2010b\bin\win64\iqm.dll
0x000000007b860000 - 0x000000007bfdf000 	C:\Program Files\MATLAB\R2010b\bin\win64\m_interpreter.dll
0x000000007cba0000 - 0x000000007cbb0000 	C:\Program Files\MATLAB\R2010b\bin\win64\libmex.dll
0x000000007af40000 - 0x000000007afd6000 	C:\Program Files\MATLAB\R2010b\bin\win64\m_dispatcher.dll
0x000000007ade0000 - 0x000000007ae71000 	C:\Program Files\MATLAB\R2010b\bin\win64\profiler.dll
0x000000007cc20000 - 0x000000007cc51000 	C:\Program Files\MATLAB\R2010b\bin\win64\libmwmathrng.dll
0x0000000079130000 - 0x000000007914a000 	C:\Program Files\MATLAB\R2010b\bin\win64\m_pcodeio.dll
0x000000007aca0000 - 0x000000007aced000 	C:\Program Files\MATLAB\R2010b\bin\win64\m_ir.dll
0x000000007b240000 - 0x000000007b856000 	C:\Program Files\MATLAB\R2010b\bin\win64\m_parser.dll
0x000000007cb80000 - 0x000000007cb93000 	C:\Program Files\MATLAB\R2010b\bin\win64\ir_xfmr.dll
0x0000000078b50000 - 0x0000000078d89000 	C:\Program Files\MATLAB\R2010b\bin\win64\mcos.dll
0x000000007cc70000 - 0x000000007cc7c000 	C:\Program Files\MATLAB\R2010b\bin\win64\mtok.dll
0x0000000079110000 - 0x0000000079130000 	C:\Program Files\MATLAB\R2010b\bin\win64\m_pcodegen.dll
0x0000000078300000 - 0x0000000078356000 	C:\Program Files\MATLAB\R2010b\bin\win64\libmwspmatrix.dll
0x000007fefa400000 - 0x000007fefa525000 	C:\Windows\system32\dbghelp.dll
0x0000000078360000 - 0x000000007838c000 	C:\Program Files\MATLAB\R2010b\bin\win64\libmwbridge.dll
0x000000007c720000 - 0x000000007c7e0000 	C:\Program Files\MATLAB\R2010b\bin\win64\udd.dll
0x000000007d6d0000 - 0x000000007d82b000 	C:\Program Files\MATLAB\R2010b\bin\win64\libmwgui.dll
0x0000000079250000 - 0x0000000079ad7000 	C:\Program Files\MATLAB\R2010b\bin\win64\hg.dll
0x0000000079030000 - 0x0000000079087000 	C:\Program Files\MATLAB\R2010b\bin\win64\libmat.dll
0x000000007ce60000 - 0x000000007d07b000 	C:\Program Files\MATLAB\R2010b\bin\win64\libhdf5.dll
0x000000007aba0000 - 0x000000007ac24000 	C:\Program Files\MATLAB\R2010b\bin\win64\jmi.dll
0x000000007aae0000 - 0x000000007ab1f000 	C:\Program Files\MATLAB\R2010b\bin\win64\libmwhardcopy.dll
0x000000007ac30000 - 0x000000007ac98000 	C:\Program Files\MATLAB\R2010b\bin\win64\libuij.dll
0x0000000078800000 - 0x00000000789f4000 	C:\Program Files\MATLAB\R2010b\bin\win64\hgdatatypes.dll
0x0000000078740000 - 0x00000000787fa000 	C:\Program Files\MATLAB\R2010b\bin\win64\hgutils.dll
0x0000000079090000 - 0x000000007910c000 	C:\Program Files\MATLAB\R2010b\bin\win64\libmwlapack.dll
0x000000007cbc0000 - 0x000000007cbd3000 	C:\Program Files\MATLAB\R2010b\bin\win64\libmwbinder.dll
0x000000007c7e0000 - 0x000000007caa3000 	C:\Program Files\MATLAB\R2010b\bin\win64\uiw.dll
0x000000007ccd0000 - 0x000000007ccda000 	C:\Program Files\MATLAB\R2010b\bin\win64\uinone.dll
0x0000000072a60000 - 0x0000000072bfc000 	C:\Windows\WinSxS\amd64_microsoft.vc80.mfc_1fc8b3b9a1e18e3b_8.0.50727.6195_none_8448b2bd328df189\MFC80.DLL
0x000007fef93f0000 - 0x000007fef9461000 	C:\Windows\system32\WINSPOOL.DRV
0x000007fefdcf0000 - 0x000007fefdef3000 	C:\Windows\system32\ole32.dll
0x000007feff150000 - 0x000007feff227000 	C:\Windows\system32\OLEAUT32.dll
0x000000007b180000 - 0x000000007b231000 	C:\Program Files\MATLAB\R2010b\bin\win64\udd_mi.dll
0x0000000079150000 - 0x0000000079168000 	C:\Program Files\MATLAB\R2010b\bin\win64\mwoles05.DLL
0x000000007ad60000 - 0x000000007add3000 	C:\Program Files\MATLAB\R2010b\bin\win64\comcli.dll
0x0000000074d70000 - 0x0000000074d90000 	C:\Windows\WinSxS\amd64_microsoft.vc80.atl_1fc8b3b9a1e18e3b_8.0.50727.6195_none_8a1dd9552ed7f8d8\ATL80.DLL
0x000000007cc60000 - 0x000000007cc6e000 	C:\Program Files\MATLAB\R2010b\bin\win64\mlautoregister.dll
0x000007fefed90000 - 0x000007fefedbe000 	C:\Windows\system32\IMM32.DLL
0x000007feff8e0000 - 0x000007feff9e9000 	C:\Windows\system32\MSCTF.dll
0x0000000074d60000 - 0x0000000074d6d000 	C:\Windows\WinSxS\amd64_microsoft.vc80.mfcloc_1fc8b3b9a1e18e3b_8.0.50727.6195_none_bc20f59b0bdd1acd\MFC80ENU.DLL
0x000007fefd870000 - 0x000007fefd87f000 	C:\Windows\system32\profapi.dll
0x000007fefd760000 - 0x000007fefd76f000 	C:\Windows\system32\CRYPTBASE.dll
0x000007fefc170000 - 0x000007fefc1c6000 	C:\Windows\system32\uxtheme.dll
0x000007fefc1d0000 - 0x000007fefc3c4000 	C:\Windows\WinSxS\amd64_microsoft.windows.common-controls_6595b64144ccf1df_6.0.7601.17514_none_fa396087175ac9ac\comctl32.dll
0x000007fefa380000 - 0x000007fefa398000 	C:\Windows\system32\MPR.dll
0x000007fef26b0000 - 0x000007fef26ba000 	C:\Windows\System32\drprov.dll
0x000007fefd810000 - 0x000007fefd84d000 	C:\Windows\System32\WINSTA.dll
0x000007fef2590000 - 0x000007fef25b2000 	C:\Windows\System32\ntlanman.dll
0x000007fef2570000 - 0x000007fef258c000 	C:\Windows\System32\davclnt.dll
0x000007fef26a0000 - 0x000007fef26aa000 	C:\Windows\System32\DAVHLPR.dll
0x000007fef3db0000 - 0x000007fef3dbf000 	C:\Windows\system32\cscapi.dll
0x00000000735a0000 - 0x00000000735a3000 	C:\Windows\system32\icmp.Dll
0x000007fef9b70000 - 0x000007fef9b97000 	C:\Windows\system32\iphlpapi.DLL
0x000007fef9b50000 - 0x000007fef9b5b000 	C:\Windows\system32\WINNSI.DLL
0x000007fefd6d0000 - 0x000007fefd6f5000 	C:\Windows\system32\SspiCli.dll
0x000007fefa7b0000 - 0x000007fefa7c5000 	C:\Windows\system32\NLAapi.dll
0x000007fef95f0000 - 0x000007fef9605000 	C:\Windows\system32\napinsp.dll
0x000007fef9610000 - 0x000007fef9629000 	C:\Windows\system32\pnrpnsp.dll
0x000007fefd0a0000 - 0x000007fefd0f5000 	C:\Windows\System32\mswsock.dll
0x000007fefcf20000 - 0x000007fefcf7b000 	C:\Windows\system32\DNSAPI.dll
0x000007fef95e0000 - 0x000007fef95eb000 	C:\Windows\System32\winrnr.dll
0x000007fef9650000 - 0x000007fef967f000 	C:\Program Files\Common Files\Microsoft Shared\Windows Live\WLIDNSP.DLL
0x000007fef99d0000 - 0x000007fef9a23000 	C:\Windows\System32\fwpuclnt.dll
0x000007fef9640000 - 0x000007fef9648000 	C:\Windows\system32\rasadhlp.dll
0x000007fefca40000 - 0x000007fefca47000 	C:\Windows\System32\wshtcpip.dll
0x000007fef9a80000 - 0x000007fef9a91000 	C:\Windows\system32\dhcpcsvc6.DLL
0x000007fef9a60000 - 0x000007fef9a78000 	C:\Windows\system32\dhcpcsvc.DLL
0x000007fefda70000 - 0x000007fefdaa6000 	C:\Windows\system32\CFGMGR32.dll
0x000000006d7f0000 - 0x000000006de4d000 	C:\Program Files\MATLAB\R2010b\sys\java\jre\win64\jre\bin\server\jvm.dll
0x000007fef9360000 - 0x000007fef939b000 	C:\Windows\system32\WINMM.dll
0x000007fefbc10000 - 0x000007fefbc28000 	C:\Windows\system32\dwmapi.dll
0x000007fefdc40000 - 0x000007fefdcd9000 	C:\Windows\system32\CLBCatQ.DLL
0x000000007af10000 - 0x000000007af1e000 	C:\Program Files\MATLAB\R2010b\sys\java\jre\win64\jre\bin\verify.dll
0x0000000079200000 - 0x0000000079227000 	C:\Program Files\MATLAB\R2010b\sys\java\jre\win64\jre\bin\java.dll
0x000000007aef0000 - 0x000000007aefa000 	C:\Program Files\MATLAB\R2010b\sys\java\jre\win64\jre\bin\hpi.dll
0x000000007af20000 - 0x000000007af32000 	C:\Program Files\MATLAB\R2010b\sys\java\jre\win64\jre\bin\zip.dll

VM Arguments:
jvm_args: -Xss512k -XX:PermSize=32m -Xms64m -XX:NewRatio=3 -XX:MaxPermSize=128m -Xmx196m -XX:MaxDirectMemorySize=2147400000 -Dsun.java2d.noddraw=true -Dsun.awt.nopixfmt=true -Xshare:off -Xrs -Dsun.awt.disableMixing=true -Djava.library.path=C:\Program Files\MATLAB\R2010b\bin\win64 vfprintf abort 
java_command: <unknown>
Launcher Type: generic

Environment Variables:
JAVA_HOME=C:\Program Files\Java\jdk1.6.0_27
CLASSPATH=.;C:\Program Files (x86)\Java\jre1.6.0_07\lib\ext\QTJava.zip
PATH=C:\Program Files\Common Files\Microsoft Shared\Windows Live;C:\Program Files (x86)\Common Files\Microsoft Shared\Windows Live;C:\Windows\system32;C:\Windows;C:\Windows\System32\Wbem;C:\Windows\System32\WindowsPowerShell\v1.0\;C:\Program Files (x86)\QuickTime\QTSystem\;C:\Program Files (x86)\Java\jre1.6.0_07\bin;C:\Program Files\TortoiseHg\;C:\Program Files\Java\jdk1.6.0_27\bin;C:\Program Files\MATLAB\R2010b\runtime\win64;C:\Program Files\MATLAB\R2010b\bin;C:\Program Files (x86)\Windows Live\Shared;C:\Program Files (x86)\Git\cmd;C:\Program Files (x86)\MiKTeX 2.9\miktex\bin\;D:\Program Files (x86)\blast-2.2.26+\bin;C:\Program Files (x86)\apache-maven-2.2.1\bin;C:\Users\a6034850\Desktop\putty.exe
USERNAME=a6034850
OS=Windows_NT
PROCESSOR_IDENTIFIER=Intel64 Family 6 Model 30 Stepping 5, GenuineIntel



---------------  S Y S T E M  ---------------

OS: Windows 7 Build 7601 Service Pack 1

CPU:total 8 (8 cores per cpu, 2 threads per core) family 6 model 30 stepping 5, cmov, cx8, fxsr, mmx, sse, sse2, sse3, ssse3, sse4.1, sse4.2, ht

Memory: 4k page, physical 4125912k(1292140k free), swap 8249968k(3455760k free)

vm_info: Java HotSpot(TM) 64-Bit Server VM (14.3-b01) for windows-amd64 JRE (1.6.0_17-b04), built on Oct 11 2009 00:46:08 by "java_re" with MS VC++ 8.0

time: Thu Mar 21 09:42:51 2013
elapsed time: 246059 seconds

