This is pdfTeX, Version 3.1415926-2.3-1.40.12 (MiKTeX 2.9) (preloaded format=pdflatex 2013.12.9)  5 JAN 2014 23:43
entering extended mode
**treatmenteffcts

(C:\Users\Matt2\Documents\Dropbox\code\matlab\mouse_model_anlayses\latex\treatm
enteffcts.tex
LaTeX2e <2011/06/27>
Babel <v3.8m> and hyphenation patterns for english, afrikaans, ancientgreek, ar
abic, armenian, assamese, basque, bengali, bokmal, bulgarian, catalan, coptic, 
croatian, czech, danish, dutch, esperanto, estonian, farsi, finnish, french, ga
lician, german, german-x-2009-06-19, greek, gujarati, hindi, hungarian, iceland
ic, indonesian, interlingua, irish, italian, kannada, kurmanji, lao, latin, lat
vian, lithuanian, malayalam, marathi, mongolian, mongolianlmc, monogreek, ngerm
an, ngerman-x-2009-06-19, nynorsk, oriya, panjabi, pinyin, polish, portuguese, 
romanian, russian, sanskrit, serbian, slovak, slovenian, spanish, swedish, swis
sgerman, tamil, telugu, turkish, turkmen, ukenglish, ukrainian, uppersorbian, u
senglishmax, welsh, loaded.
("C:\Program Files (x86)\MiKTeX 2.9\tex\latex\base\article.cls"
Document Class: article 2007/10/19 v1.4h Standard LaTeX document class
("C:\Program Files (x86)\MiKTeX 2.9\tex\latex\base\size10.clo"
File: size10.clo 2007/10/19 v1.4h Standard LaTeX file (size option)
)
\c@part=\count79
\c@section=\count80
\c@subsection=\count81
\c@subsubsection=\count82
\c@paragraph=\count83
\c@subparagraph=\count84
\c@figure=\count85
\c@table=\count86
\abovecaptionskip=\skip41
\belowcaptionskip=\skip42
\bibindent=\dimen102
)
("C:\Program Files (x86)\MiKTeX 2.9\tex\latex\graphics\graphicx.sty"
Package: graphicx 1999/02/16 v1.0f Enhanced LaTeX Graphics (DPC,SPQR)

("C:\Program Files (x86)\MiKTeX 2.9\tex\latex\graphics\keyval.sty"
Package: keyval 1999/03/16 v1.13 key=value parser (DPC)
\KV@toks@=\toks14
)
("C:\Program Files (x86)\MiKTeX 2.9\tex\latex\graphics\graphics.sty"
Package: graphics 2009/02/05 v1.0o Standard LaTeX Graphics (DPC,SPQR)

("C:\Program Files (x86)\MiKTeX 2.9\tex\latex\graphics\trig.sty"
Package: trig 1999/03/16 v1.09 sin cos tan (DPC)
)
("C:\Program Files (x86)\MiKTeX 2.9\tex\latex\00miktex\graphics.cfg"
File: graphics.cfg 2007/01/18 v1.5 graphics configuration of teTeX/TeXLive
)
Package graphics Info: Driver file: pdftex.def on input line 91.

("C:\Program Files (x86)\MiKTeX 2.9\tex\latex\pdftex-def\pdftex.def"
File: pdftex.def 2011/05/27 v0.06d Graphics/color for pdfTeX

("C:\Program Files (x86)\MiKTeX 2.9\tex\generic\oberdiek\infwarerr.sty"
Package: infwarerr 2010/04/08 v1.3 Providing info/warning/error messages (HO)
)
("C:\Program Files (x86)\MiKTeX 2.9\tex\generic\oberdiek\ltxcmds.sty"
Package: ltxcmds 2011/11/09 v1.22 LaTeX kernel commands for general use (HO)
)
\Gread@gobject=\count87
))
\Gin@req@height=\dimen103
\Gin@req@width=\dimen104
)
("C:\Program Files (x86)\MiKTeX 2.9\tex\latex\graphics\color.sty"
Package: color 2005/11/14 v1.0j Standard LaTeX Color (DPC)

("C:\Program Files (x86)\MiKTeX 2.9\tex\latex\00miktex\color.cfg"
File: color.cfg 2007/01/18 v1.5 color configuration of teTeX/TeXLive
)
Package color Info: Driver file: pdftex.def on input line 130.
)
(C:\Users\Matt2\Documents\Dropbox\code\matlab\mouse_model_anlayses\latex\treatm
enteffcts.aux)
LaTeX Font Info:    Checking defaults for OML/cmm/m/it on input line 13.
LaTeX Font Info:    ... okay on input line 13.
LaTeX Font Info:    Checking defaults for T1/cmr/m/n on input line 13.
LaTeX Font Info:    ... okay on input line 13.
LaTeX Font Info:    Checking defaults for OT1/cmr/m/n on input line 13.
LaTeX Font Info:    ... okay on input line 13.
LaTeX Font Info:    Checking defaults for OMS/cmsy/m/n on input line 13.
LaTeX Font Info:    ... okay on input line 13.
LaTeX Font Info:    Checking defaults for OMX/cmex/m/n on input line 13.
LaTeX Font Info:    ... okay on input line 13.
LaTeX Font Info:    Checking defaults for U/cmr/m/n on input line 13.
LaTeX Font Info:    ... okay on input line 13.

("C:\Program Files (x86)\MiKTeX 2.9\tex\context\base\supp-pdf.mkii"
[Loading MPS to PDF converter (version 2006.09.02).]
\scratchcounter=\count88
\scratchdimen=\dimen105
\scratchbox=\box26
\nofMPsegments=\count89
\nofMParguments=\count90
\everyMPshowfont=\toks15
\MPscratchCnt=\count91
\MPscratchDim=\dimen106
\MPnumerator=\count92
\makeMPintoPDFobject=\count93
\everyMPtoPDFconversion=\toks16
)
LaTeX Font Info:    Try loading font information for OMS+cmr on input line 21.
 ("C:\Program Files (x86)\MiKTeX 2.9\tex\latex\base\omscmr.fd"
File: omscmr.fd 1999/05/25 v2.5h Standard LaTeX font definitions
)
LaTeX Font Info:    Font shape `OMS/cmr/m/n' in size <10> not available
(Font)              Font shape `OMS/cmsy/m/n' tried instead on input line 21.

Overfull \hbox (48.74657pt too wide) in paragraph at lines 30--30
[]\OT1/cmtt/m/n/10 %TREATMENTEFFECTS Test whether the population distributions 
are normal then[] 
 []


Overfull \hbox (32.9967pt too wide) in paragraph at lines 30--30
[]\OT1/cmtt/m/n/10 %calculates differential stats for comparing across tretamen
t groups and[] 
 []


Overfull \hbox (95.99615pt too wide) in paragraph at lines 63--63
[]\OT1/cmtt/m/n/10 [metaboliteFileName, otuFileName] = fileNameCheck('results2.
txt', 'otu_table3.txt');[] 
 []


Overfull \hbox (122.24593pt too wide) in paragraph at lines 63--63
[]\OT1/cmtt/m/n/10 [mconditionStr, metaboliteName, metabolite] = separateMetabo
liteVars(metaboliteFileName);[] 
 []


Overfull \hbox (127.49588pt too wide) in paragraph at lines 63--63
[]\OT1/cmtt/m/n/10 [norm, maverages, mstderrors, mcategory] = metaboliteBasicst
ats(metabolite,mconditionStr);[] 
 []


Overfull \hbox (17.24684pt too wide) in paragraph at lines 63--63
[]\OT1/cmtt/m/n/10 % this could aslo be done with log values, however, the resu
lt should[] 
 []


Overfull \hbox (6.74693pt too wide) in paragraph at lines 63--63
[]\OT1/cmtt/m/n/10 [hvalue, pvalue]=ttest2(mcategory{1,2}{27,2},mcategory{4,2}{
27,2});[] 
 []


Overfull \hbox (195.74529pt too wide) in paragraph at lines 106--106
[]\OT1/cmtt/m/n/10 % groupcategory=[ones(10,1) ; ones(10,1)+1 ; ones(9,1)+2 ; o
nes(10,1)+3 ; ones(10,1)+4 ; ones(10,1)+5];[] 
 []

[1

{C:/ProgramData/MiKTeX/2.9/pdftex/config/pdftex.map}]
Overfull \hbox (295.49442pt too wide) in paragraph at lines 106--106
[]\OT1/cmtt/m/n/10 weight = [weightchange(:,1); weightchange(:,2);weightchange(
1:9,3);weightchange(:,6);weightchange(:,8);weightchange(:,9)];[] 
 []


Overfull \hbox (200.99524pt too wide) in paragraph at lines 106--106
[]\OT1/cmtt/m/n/10 mdl2=stepwiselm(X1,y1,'PEnter',0.06,'ResponseVar','insulin r
esistence','PredictorVars',metaboliteName1);[] 
 []


Overfull \hbox (22.4968pt too wide) in paragraph at lines 458--458
[]   \OT1/cmtt/m/n/10 26.8200   40.6700   40.3200   39.9900   40.5300   40.9700
   40.8900[] 
 []

[2]
Overfull \hbox (22.4968pt too wide) in paragraph at lines 458--458
[]   \OT1/cmtt/m/n/10 28.0400   41.4300   39.6333   39.3800   40.3222   36.7100
   39.0333[] 
 []


Overfull \hbox (22.4968pt too wide) in paragraph at lines 458--458
[]    \OT1/cmtt/m/n/10 3.2800   15.5900   15.3000   15.2100   15.4500   15.5400
   15.6200[] 
 []


Overfull \hbox (22.4968pt too wide) in paragraph at lines 458--458
[]    \OT1/cmtt/m/n/10 3.7400   15.9900   14.1444   13.9400   14.6778   11.6400
   13.9667[] 
 []

[3] [4] [5] [6] [7] [8] [9]
Overfull \hbox (22.4968pt too wide) in paragraph at lines 458--458
[]\OT1/cmtt/m/n/10 3. Adding NEFA   mEq/L:Amylin, FStat = 195.1909, pValue = 8.
777328e-18[] 
 []


! LaTeX Error: Unknown graphics extension: .eps.

See the LaTeX manual or LaTeX Companion for explanation.
Type  H <return>  for immediate help.
 ...                                              
                                                  
l.460 ...phics [width=4in]{treatmenteffcts_01.eps}
                                                  
? 

! LaTeX Error: Unknown graphics extension: .eps.

See the LaTeX manual or LaTeX Companion for explanation.
Type  H <return>  for immediate help.
 ...                                              
                                                  
l.462 ...phics [width=4in]{treatmenteffcts_02.eps}
                                                  
? 

Overfull \hbox (22.4968pt too wide) in paragraph at lines 487--487
[]\OT1/cmtt/m/n/10 %graphs and stats for glucose (1) insulin (18) active GLP-1 
(25) total[] 
 []


Overfull \hbox (27.74675pt too wide) in paragraph at lines 487--487
[]\OT1/cmtt/m/n/10 %GLP-1 (26) and insulin:glucose ratio (27). Matrix indexes i
n brackets.[] 
 []


Overfull \hbox (6.74693pt too wide) in paragraph at lines 487--487
[]\OT1/cmtt/m/n/10 %treatment groups: Lean control (1) obese control (2) gram p
ositive[] 
 []


Overfull \hbox (11.99689pt too wide) in paragraph at lines 487--487
[]\OT1/cmtt/m/n/10 %antibiotic (3) high dose gram negative anitbiotic (4) low d
ose gram[] 
 []


Overfull \hbox (227.24501pt too wide) in paragraph at lines 487--487
[]\OT1/cmtt/m/n/10 [h1, hs1] = normalisationTest(variableIndex, mcategory, norm
, metaboliteName, logswitch, groups, horizontal);[] 
 []


Overfull \hbox (332.2441pt too wide) in paragraph at lines 487--487
[]\OT1/cmtt/m/n/10 [pvalues, string_answers, h2, hs2] = generateBoxPlotsAndAnov
aPValue(variableIndex, mcategory, metaboliteName, logswitch, groups);[] 
 []

[10] [11]

! LaTeX Error: Unknown graphics extension: .eps.

See the LaTeX manual or LaTeX Companion for explanation.
Type  H <return>  for immediate help.
 ...                                              
                                                  
l.586 ...phics [width=4in]{treatmenteffcts_03.eps}
                                                  
? 

! LaTeX Error: Unknown graphics extension: .eps.

See the LaTeX manual or LaTeX Companion for explanation.
Type  H <return>  for immediate help.
 ...                                              
                                                  
l.588 ...phics [width=4in]{treatmenteffcts_04.eps}
                                                  
? 
[12]
Overfull \hbox (59.24648pt too wide) in paragraph at lines 616--616
[]\OT1/cmtt/m/n/10 %figuresize(15, 10, 'centimeters') %updated script using Mat
t's magic number![] 
 []


Overfull \hbox (106.49606pt too wide) in paragraph at lines 616--616
[]\OT1/cmtt/m/n/10 saveas(gcf, 'pdf_figures/tretamenteffects_diabetic_markers_n
ormalisation_test', 'pdf')[] 
 []


Overfull \hbox (11.99689pt too wide) in paragraph at lines 616--616
[]\OT1/cmtt/m/n/10 saveas(gcf, 'pdf_figures/treatment_effects_diabetic_markers'
, 'pdf')[] 
 []


! LaTeX Error: Unknown graphics extension: .eps.

See the LaTeX manual or LaTeX Companion for explanation.
Type  H <return>  for immediate help.
 ...                                              
                                                  
l.625 ...phics [width=4in]{treatmenteffcts_05.eps}
                                                  
? 

! LaTeX Error: Unknown graphics extension: .eps.

See the LaTeX manual or LaTeX Companion for explanation.
Type  H <return>  for immediate help.
 ...                                              
                                                  
l.627 ...phics [width=4in]{treatmenteffcts_06.eps}
                                                  
? 
[13]
(C:\Users\Matt2\Documents\Dropbox\code\matlab\mouse_model_anlayses\latex\treatm
enteffcts.aux) ) 
Here is how much of TeX's memory you used:
 1175 strings out of 494045
 16147 string characters out of 3145969
 67872 words of memory out of 3000000
 4503 multiletter control sequences out of 15000+200000
 4413 words of font info for 17 fonts, out of 3000000 for 9000
 715 hyphenation exceptions out of 8191
 27i,5n,19p,241b,249s stack positions out of 5000i,500n,10000p,200000b,50000s
<C:/Program Files (x86)/MiKTeX 2.9/fonts/type1/public/amsfonts/
cm/cmbx12.pfb><C:/Program Files (x86)/MiKTeX 2.9/fonts/type1/public/amsfonts/cm
/cmr10.pfb><C:/Program Files (x86)/MiKTeX 2.9/fonts/type1/public/amsfonts/cm/cm
sy10.pfb><C:/Program Files (x86)/MiKTeX 2.9/fonts/type1/public/amsfonts/cm/cmtt
10.pfb>
Output written on treatmenteffcts.pdf (13 pages, 70253 bytes).
PDF statistics:
 61 PDF objects out of 1000 (max. 8388607)
 0 named destinations out of 1000 (max. 500000)
 1 words of extra memory for PDF output out of 10000 (max. 10000000)

